F:\文件\SACTRL\DEMOSACTRL\DEMOSACTRL\DEBUG\DEMOSACTRL.PCH
F:\文件\SACTRL\DEMOSACTRL\DEMOSACTRL\DEBUG\STDAFX.OBJ
F:\文件\SACTRL\DEMOSACTRL\DEMOSACTRL\DEBUG\VC110.PDB
F:\文件\SACTRL\DEMOSACTRL\DEMOSACTRL\DEBUG\DEMOSACTRL.OBJ
F:\文件\SACTRL\DEMOSACTRL\DEMOSACTRL\DEBUG\DEMOSACTRLDLG.OBJ
F:\文件\SACTRL\DEMOSACTRL\DEMOSACTRL\DEBUG\DESKLAND.OBJ
F:\文件\SACTRL\DEMOSACTRL\DEMOSACTRL\DEBUG\DEVGDI.OBJ
F:\文件\SACTRL\DEMOSACTRL\DEMOSACTRL\DEBUG\SOCKETCOMM.OBJ
F:\文件\SACTRL\DEMOSACTRL\DEMOSACTRL\DEBUG\SOCKETINTERFACE.OBJ
F:\文件\SACTRL\DEMOSACTRL\DEMOSACTRL\DEBUG\SOCKETMANAGER.OBJ
F:\文件\SACTRL\DEMOSACTRL\DEMOSACTRL\DEBUG\SOCKETSA.OBJ
F:\文件\SACTRL\SACTRLAPP\SACTRL\DEBUG\DEMOSACTRL.ILK
F:\文件\SACTRL\SACTRLAPP\SACTRL\DEBUG\DEMOSACTRL.EXE
F:\文件\SACTRL\SACTRLAPP\SACTRL\DEBUG\DEMOSACTRL.PDB
F:\文件\SACTRL\DEMOSACTRL\DEMOSACTRL\DEBUG\DEMOSACTRL.RES
F:\文件\sactrl\DemoSACtrl\DemoSACtrl\Debug\DemoSACtrl.obj
F:\文件\sactrl\DemoSACtrl\DemoSACtrl\Debug\DemoSACtrlDlg.obj
F:\文件\sactrl\DemoSACtrl\DemoSACtrl\Debug\Deskland.obj
F:\文件\sactrl\DemoSACtrl\DemoSACtrl\Debug\DevGDI.obj
F:\文件\sactrl\DemoSACtrl\DemoSACtrl\Debug\SocketComm.obj
F:\文件\sactrl\DemoSACtrl\DemoSACtrl\Debug\SocketInterface.obj
F:\文件\sactrl\DemoSACtrl\DemoSACtrl\Debug\SocketManager.obj
F:\文件\sactrl\DemoSACtrl\DemoSACtrl\Debug\SocketSA.obj
F:\文件\sactrl\DemoSACtrl\DemoSACtrl\Debug\stdafx.obj
F:\文件\sactrl\DemoSACtrl\DemoSACtrl\Debug\cl.command.1.tlog
F:\文件\sactrl\DemoSACtrl\DemoSACtrl\Debug\CL.read.1.tlog
F:\文件\sactrl\DemoSACtrl\DemoSACtrl\Debug\CL.write.1.tlog
F:\文件\sactrl\DemoSACtrl\DemoSACtrl\Debug\link-cvtres.read.1.tlog
F:\文件\sactrl\DemoSACtrl\DemoSACtrl\Debug\link-cvtres.write.1.tlog
F:\文件\sactrl\DemoSACtrl\DemoSACtrl\Debug\link-mt.read.1.tlog
F:\文件\sactrl\DemoSACtrl\DemoSACtrl\Debug\link-mt.write.1.tlog
F:\文件\sactrl\DemoSACtrl\DemoSACtrl\Debug\link-rc.read.1.tlog
F:\文件\sactrl\DemoSACtrl\DemoSACtrl\Debug\link-rc.write.1.tlog
F:\文件\sactrl\DemoSACtrl\DemoSACtrl\Debug\link.command.1.tlog
F:\文件\sactrl\DemoSACtrl\DemoSACtrl\Debug\link.read.1.tlog
F:\文件\sactrl\DemoSACtrl\DemoSACtrl\Debug\link.write.1.tlog
F:\文件\sactrl\DemoSACtrl\DemoSACtrl\Debug\rc.command.1.tlog
F:\文件\sactrl\DemoSACtrl\DemoSACtrl\Debug\rc.read.1.tlog
F:\文件\sactrl\DemoSACtrl\DemoSACtrl\Debug\rc.write.1.tlog
F:\文件\sactrl\DemoSACtrl\DemoSACtrl\Debug\DemoSACtrl.res
F:\文件\sactrl\DemoSACtrl\DemoSACtrl\Debug\DemoSACtrl.pch
F:\文件\sactrl\DemoSACtrl\DemoSACtrl\Debug\vc110.idb
F:\文件\sactrl\DemoSACtrl\DemoSACtrl\Debug\vc110.pdb
F:\文件\sactrl\sactrlapp\SACtrl\Debug\DemoSACtrl.pdb
F:\文件\sactrl\sactrlapp\SACtrl\Debug\DemoSACtrl.exe
F:\文件\sactrl\sactrlapp\SACtrl\Debug\DemoSACtrl.ilk
